C:\USERS\GS1905\DOCUMENTS\VISUAL STUDIO 2012\PROJECTS\AMIRALBATTI\AMIRALBATTI\DEBUG\AMIRALBATTI.PCH
C:\USERS\GS1905\DOCUMENTS\VISUAL STUDIO 2012\PROJECTS\AMIRALBATTI\AMIRALBATTI\DEBUG\STDAFX.OBJ
C:\USERS\GS1905\DOCUMENTS\VISUAL STUDIO 2012\PROJECTS\AMIRALBATTI\AMIRALBATTI\DEBUG\VC110.PDB
C:\USERS\GS1905\DOCUMENTS\VISUAL STUDIO 2012\PROJECTS\AMIRALBATTI\AMIRALBATTI\DEBUG\AMIRALBATTI.OBJ
C:\USERS\GS1905\DOCUMENTS\VISUAL STUDIO 2012\PROJECTS\AMIRALBATTI\DEBUG\AMIRALBATTI.ILK
C:\USERS\GS1905\DOCUMENTS\VISUAL STUDIO 2012\PROJECTS\AMIRALBATTI\DEBUG\AMIRALBATTI.EXE
C:\USERS\GS1905\DOCUMENTS\VISUAL STUDIO 2012\PROJECTS\AMIRALBATTI\DEBUG\AMIRALBATTI.PDB
C:\Users\GS1905\Documents\Visual Studio 2012\Projects\AmiralBatti\AmiralBatti\Debug\AmiralBatti.obj
C:\Users\GS1905\Documents\Visual Studio 2012\Projects\AmiralBatti\AmiralBatti\Debug\stdafx.obj
C:\Users\GS1905\Documents\Visual Studio 2012\Projects\AmiralBatti\AmiralBatti\Debug\cl.command.1.tlog
C:\Users\GS1905\Documents\Visual Studio 2012\Projects\AmiralBatti\AmiralBatti\Debug\CL.read.1.tlog
C:\Users\GS1905\Documents\Visual Studio 2012\Projects\AmiralBatti\AmiralBatti\Debug\CL.write.1.tlog
C:\Users\GS1905\Documents\Visual Studio 2012\Projects\AmiralBatti\AmiralBatti\Debug\link-cvtres.read.1.tlog
C:\Users\GS1905\Documents\Visual Studio 2012\Projects\AmiralBatti\AmiralBatti\Debug\link-cvtres.write.1.tlog
C:\Users\GS1905\Documents\Visual Studio 2012\Projects\AmiralBatti\AmiralBatti\Debug\link-rc.read.1.tlog
C:\Users\GS1905\Documents\Visual Studio 2012\Projects\AmiralBatti\AmiralBatti\Debug\link-rc.write.1.tlog
C:\Users\GS1905\Documents\Visual Studio 2012\Projects\AmiralBatti\AmiralBatti\Debug\link.command.1.tlog
C:\Users\GS1905\Documents\Visual Studio 2012\Projects\AmiralBatti\AmiralBatti\Debug\link.read.1.tlog
C:\Users\GS1905\Documents\Visual Studio 2012\Projects\AmiralBatti\AmiralBatti\Debug\link.write.1.tlog
C:\Users\GS1905\Documents\Visual Studio 2012\Projects\AmiralBatti\AmiralBatti\Debug\AmiralBatti.pch
C:\Users\GS1905\Documents\Visual Studio 2012\Projects\AmiralBatti\AmiralBatti\Debug\vc110.idb
C:\Users\GS1905\Documents\Visual Studio 2012\Projects\AmiralBatti\AmiralBatti\Debug\vc110.pdb
C:\Users\GS1905\Documents\Visual Studio 2012\Projects\AmiralBatti\Debug\AmiralBatti.pdb
C:\Users\GS1905\Documents\Visual Studio 2012\Projects\AmiralBatti\Debug\AmiralBatti.exe
C:\Users\GS1905\Documents\Visual Studio 2012\Projects\AmiralBatti\Debug\AmiralBatti.ilk
